Equate elements:  no current cell.
Class low-voltage_super-wilson_layout.spice:  Merged 11 devices.
Class low-voltage_super-wilson_LDS_pmos.spice:  Merged 11 devices.

Subcircuit summary:
Circuit 1: low-voltage_super-wilson_layout |Circuit 2: low-voltage_super-wilson_LDS_pm 
-------------------------------------------|-------------------------------------------
sky130_fd_pr__pfet_01v8 (8)                |sky130_fd_pr__pfet_01v8 (8)                
Number of devices: 8                       |Number of devices: 8                       
Number of nets: 7                          |Number of nets: 7                          
---------------------------------------------------------------------------------------
NET mismatches: Class fragments follow (with fanout counts):
Circuit 1: low-voltage_super-wilson_layout |Circuit 2: low-voltage_super-wilson_LDS_pm 

---------------------------------------------------------------------------------------
Net: VP                                    |Net: net4                                  
  sky130_fd_pr__pfet_01v8/(1|3) = 5        |  sky130_fd_pr__pfet_01v8/(1|3) = 2        
  sky130_fd_pr__pfet_01v8/2 = 3            |  sky130_fd_pr__pfet_01v8/2 = 2            
  sky130_fd_pr__pfet_01v8/4 = 8            |                                           
                                           |                                           
Net: a_7610_0#                             |Net: net3                                  
  sky130_fd_pr__pfet_01v8/(1|3) = 4        |  sky130_fd_pr__pfet_01v8/(1|3) = 4        
                                           |                                           
Net: a_6810_n120#                          |Net: net1                                  
  sky130_fd_pr__pfet_01v8/(1|3) = 2        |  sky130_fd_pr__pfet_01v8/2 = 3            
  sky130_fd_pr__pfet_01v8/2 = 2            |  sky130_fd_pr__pfet_01v8/(1|3) = 1        
                                           |                                           
Net: a_15610_0#                            |(no matching net)                          
  sky130_fd_pr__pfet_01v8/(1|3) = 1        |                                           
                                           |                                           
Net: a_11610_n70#                          |(no matching net)                          
  sky130_fd_pr__pfet_01v8/2 = 3            |                                           
---------------------------------------------------------------------------------------

---------------------------------------------------------------------------------------
(no matching net)                          |Net: VDD                                   
                                           |  sky130_fd_pr__pfet_01v8/4 = 8            
                                           |                                           
(no matching net)                          |Net: net2                                  
                                           |  sky130_fd_pr__pfet_01v8/2 = 3            
                                           |  sky130_fd_pr__pfet_01v8/(1|3) = 5        
---------------------------------------------------------------------------------------

---------------------------------------------------------------------------------------
(no matching net)                          |Net: Vout                                  
                                           |  sky130_fd_pr__pfet_01v8/(1|3) = 2        
                                           |                                           
(no matching net)                          |Net: Iin                                   
                                           |  sky130_fd_pr__pfet_01v8/(1|3) = 2        
---------------------------------------------------------------------------------------

---------------------------------------------------------------------------------------
Net: Vout                                  |(no matching net)                          
  sky130_fd_pr__pfet_01v8/(1|3) = 2        |                                           
                                           |                                           
Net: Iin                                   |(no matching net)                          
  sky130_fd_pr__pfet_01v8/(1|3) = 2        |                                           
---------------------------------------------------------------------------------------
DEVICE mismatches: Class fragments follow (with node fanout counts):
Circuit 1: low-voltage_super-wilson_layout |Circuit 2: low-voltage_super-wilson_LDS_pm 

---------------------------------------------------------------------------------------
Instance: sky130_fd_pr__pfet_01v810        |Instance: sky130_fd_pr__pfet_01v8M26       
  (1,3) = (16,2)                           |  (1,3) = (8,8)                            
  2 = 3                                    |  2 = 8                                    
  4 = 16                                   |  4 = 8                                    
                                           |                                           
Instance: sky130_fd_pr__pfet_01v89         |Instance: sky130_fd_pr__pfet_01v8M6        
  (1,3) = (4,2)                            |  (1,3) = (8,2)                            
  2 = 4                                    |  2 = 8                                    
  4 = 16                                   |  4 = 8                                    
                                           |                                           
Instance: sky130_fd_pr__pfet_01v85         |Instance: sky130_fd_pr__pfet_01v8M5a       
  (1,3) = (16,2)                           |  (1,3) = (4,4)                            
  2 = 16                                   |  2 = 4                                    
  4 = 16                                   |  4 = 8                                    
                                           |                                           
Instance: sky130_fd_pr__pfet_01v82         |Instance: sky130_fd_pr__pfet_01v8M4a       
  (1,3) = (4,2)                            |  (1,3) = (8,4)                            
  2 = 4                                    |  2 = 4                                    
  4 = 16                                   |  4 = 8                                    
                                           |                                           
Instance: sky130_fd_pr__pfet_01v88         |Instance: sky130_fd_pr__pfet_01v8M3a       
  (1,3) = (16,4)                           |  (1,3) = (8,2)                            
  2 = 3                                    |  2 = 4                                    
  4 = 16                                   |  4 = 8                                    
                                           |                                           
Instance: sky130_fd_pr__pfet_01v83         |Instance: sky130_fd_pr__pfet_01v8M7        
  (1,3) = (4,1)                            |  (1,3) = (4,4)                            
  2 = 3                                    |  2 = 8                                    
  4 = 16                                   |  4 = 8                                    
                                           |                                           
Instance: sky130_fd_pr__pfet_01v81         |(no matching instance)                     
  (1,3) = (4,4)                            |                                           
  2 = 16                                   |                                           
  4 = 16                                   |                                           
                                           |                                           
                                           |                                           
Instance: sky130_fd_pr__pfet_01v80         |(no matching instance)                     
  (1,3) = (16,16)                          |                                           
  2 = 16                                   |                                           
  4 = 16                                   |                                           
                                           |                                           
---------------------------------------------------------------------------------------

---------------------------------------------------------------------------------------
(no matching instance)                     |Instance: sky130_fd_pr__pfet_01v8M2a       
                                           |  (1,3) = (4,2)                            
                                           |  2 = 4                                    
                                           |  4 = 8                                    
                                           |                                           
                                           |                                           
(no matching instance)                     |Instance: sky130_fd_pr__pfet_01v8M1a       
                                           |  (1,3) = (4,2)                            
                                           |  2 = 4                                    
                                           |  4 = 8                                    
                                           |                                           
---------------------------------------------------------------------------------------
Netlists do not match.
The top level cell failed pin matching.
