Equate elements:  no current cell.
Equate elements:  no current cell.
Class inverter:  Merged 1 devices.

Subcircuit summary:
Circuit 1: inverter                        |Circuit 2: inverter                        
-------------------------------------------|-------------------------------------------
sky130_fd_pr__pfet_01v8 (1)                |sky130_fd_pr__pfet_01v8 (1)                
sky130_fd_pr__nfet_01v8 (1)                |sky130_fd_pr__nfet_01v8 (1)                
Number of devices: 2                       |Number of devices: 2                       
Number of nets: 6 **Mismatch**             |Number of nets: 4 **Mismatch**             
---------------------------------------------------------------------------------------
NET mismatches: Class fragments follow (with fanout counts):
Circuit 1: inverter                        |Circuit 2: inverter                        

---------------------------------------------------------------------------------------
Net: VP                                    |Net: VP                                    
  sky130_fd_pr__pfet_01v8/(1|3) = 1        |  sky130_fd_pr__pfet_01v8/(1|3) = 1        
                                           |  sky130_fd_pr__pfet_01v8/4 = 1            
                                           |                                           
Net: VDD                                   |Net: VN                                    
  sky130_fd_pr__pfet_01v8/4 = 1            |  sky130_fd_pr__nfet_01v8/(1|3) = 1        
                                           |  sky130_fd_pr__nfet_01v8/4 = 1            
                                           |                                           
Net: VN                                    |(no matching net)                          
  sky130_fd_pr__nfet_01v8/(1|3) = 1        |                                           
                                           |                                           
Net: GND                                   |(no matching net)                          
  sky130_fd_pr__nfet_01v8/4 = 1            |                                           
---------------------------------------------------------------------------------------
Netlists do not match.
  Flattening non-matched subcircuits inverter inverter
Subcircuit summary:
Circuit 1: mux2_LDS.spice                  |Circuit 2: mux2.spice                      
-------------------------------------------|-------------------------------------------
sky130_fd_pr__pfet_01v8 (3)                |sky130_fd_pr__pfet_01v8 (3)                
sky130_fd_pr__nfet_01v8 (3)                |sky130_fd_pr__nfet_01v8 (3)                
Number of devices: 6                       |Number of devices: 6                       
Number of nets: 7                          |Number of nets: 7                          
---------------------------------------------------------------------------------------
Circuits match uniquely.
Property errors were found.
Netlists match uniquely.
There were property errors.
inverter2/sky130_fd_pr__pfet_01v8M3 vs. inverter1/sky130_fd_pr__pfet_01v8M1:
 W circuit1: 2   circuit2: 1   (delta=66.7%, cutoff=1%)
Cells have no pins;  pin matching not needed.
Device classes mux2_LDS.spice and mux2.spice are equivalent.
Circuits match uniquely.
Property errors were found.
The following cells had property errors: mux2_LDS.spice
